<?xml version="1.0" encoding="UTF-8"?>
<!-- Generated by org.testng.reporters.JUnitReportReporter -->
<testsuite hostname="Prakaran" name="com.crm.qa.testcases.LoginPageTest" tests="3" failures="0" timestamp="26 May 2019 17:45:25 GMT" time="72.432" errors="0">
  <testcase name="loginpageTitleTest" time="24.560" classname="com.crm.qa.testcases.LoginPageTest"/>
  <testcase name="loginTest" time="23.628" classname="com.crm.qa.testcases.LoginPageTest"/>
  <testcase name="crmlogoTesr" time="24.244" classname="com.crm.qa.testcases.LoginPageTest"/>
</testsuite> <!-- com.crm.qa.testcases.LoginPageTest -->
